{"uuid":"519f9391-905a-492d-b6dd-1fb21c293554","historyId":"40cadfd1fc7b7398f87f087125838c56","fullName":"Login Functionality: Successful login","labels":[{"name":"tag","value":"login"},{"name":"host","value":"Vikrams-MacBook-Air.local"},{"name":"thread","value":"21701@Vikrams-MacBook-Air.local.main(1)"},{"name":"feature","value":"Login Functionality"},{"name":"story","value":"Successful login"},{"name":"suite","value":"Login Functionality"},{"name":"testClass","value":"Successful login"},{"name":"framework","value":"cucumber4jvm"},{"name":"language","value":"java"},{"name":"gherkin_uri","value":"file:///Users/vikram/IdeaProjects/repo/src/test/resources/features/login.feature"},{"name":"package","value":"src.test.resources.features.login_feature.Login Functionality"}],"links":[],"name":"Successful login","status":"failed","statusDetails":{"known":false,"muted":false,"flaky":false,"message":"expected [0] but found [1]","trace":"java.lang.AssertionError: expected [0] but found [1]\n\tat org.testng.Assert.fail(Assert.java:99)\n\tat org.testng.Assert.failNotEquals(Assert.java:1037)\n\tat org.testng.Assert.assertEqualsImpl(Assert.java:140)\n\tat org.testng.Assert.assertEquals(Assert.java:122)\n\tat org.testng.Assert.assertEquals(Assert.java:907)\n\tat org.testng.Assert.assertEquals(Assert.java:917)\n\tat stepDefinitions.MyStepdefs.theUserIsOnTheLoginPage(MyStepdefs.java:17)\n\tat ✽.the user is on the login page(file:///Users/vikram/IdeaProjects/repo/src/test/resources/features/login.feature:4)\n"},"stage":"finished","steps":[{"name":"Given  the user is on the login page","status":"failed","statusDetails":{"known":false,"muted":false,"flaky":false,"message":"expected [0] but found [1]","trace":"java.lang.AssertionError: expected [0] but found [1]\n\tat org.testng.Assert.fail(Assert.java:99)\n\tat org.testng.Assert.failNotEquals(Assert.java:1037)\n\tat org.testng.Assert.assertEqualsImpl(Assert.java:140)\n\tat org.testng.Assert.assertEquals(Assert.java:122)\n\tat org.testng.Assert.assertEquals(Assert.java:907)\n\tat org.testng.Assert.assertEquals(Assert.java:917)\n\tat stepDefinitions.MyStepdefs.theUserIsOnTheLoginPage(MyStepdefs.java:17)\n\tat ✽.the user is on the login page(file:///Users/vikram/IdeaProjects/repo/src/test/resources/features/login.feature:4)\n"},"stage":"finished","steps":[],"attachments":[],"parameters":[],"start":1704102518403,"stop":1704102518408},{"name":"When  the user enters valid credentials","status":"skipped","statusDetails":{"known":false,"muted":false,"flaky":false},"stage":"finished","steps":[],"attachments":[],"parameters":[],"start":1704102518410,"stop":1704102518411},{"name":"And  clicks the login button","status":"skipped","statusDetails":{"known":false,"muted":false,"flaky":false},"stage":"finished","steps":[],"attachments":[],"parameters":[],"start":1704102518411,"stop":1704102518411},{"name":"Then  the user should be logged in","status":"skipped","statusDetails":{"known":false,"muted":false,"flaky":false},"stage":"finished","steps":[],"attachments":[],"parameters":[],"start":1704102518411,"stop":1704102518411}],"attachments":[],"parameters":[],"start":1704102518401,"stop":1704102518412}